11111
0 |1 |2 |3 |4 |0 |
01111
0 1 |2 |3 |4 |0 |
10111
0 |1 2 |3 |4 |0 |
00111
0 1 2 |3 |4 |0 |
11011
0 |1 |2 3 |4 |0 |
01011
0 1 |2 3 |4 |0 |
10011
0 |1 2 3 |4 |0 |
11101
0 |1 |2 |3 4 |0 |
01101
0 1 |2 |3 4 |0 |
10101
0 |1 2 |3 4 |0 |
00101
0 1 2 |3 4 |0 |
11001
0 |1 |2 3 4 |0 |
01001
0 1 |2 3 4 |0 |
10001
0 |1 2 3 4 |0 |
11110
0 |1 |2 |3 |4 0 |
01110
0 1 |2 |3 |4 0 |
10110
0 |1 2 |3 |4 0 |
00110
0 1 2 |3 |4 0 |
11010
0 |1 |2 3 |4 0 |
01010
0 1 |2 3 |4 0 |
10010
0 |1 2 3 |4 0 |
11100
0 |1 |2 |3 4 0 |
01100
0 1 |2 |3 4 0 |
10100
0 |1 2 |3 4 0 |
00100
0 1 2 |3 4 0 |
11000
0 |1 |2 3 4 0 |
01000
0 1 |2 3 4 0 |
27
